<?xml version="1.0" encoding="UTF-8"?>
<!-- Generated by org.testng.reporters.JUnitReportReporter -->
<testsuite skipped="0" hostname="DESKTOP-BBVUMN9" name="springbootlearn.Test1" tests="2" failures="0" timestamp="07 九月 2017 09:39:53 GMT" time="0.019" errors="0">
  <testcase name="test1" time="0.007" classname="springbootlearn.Test1"/>
  <testcase name="test2" time="0.012" classname="springbootlearn.Test1"/>
</testsuite> <!-- springbootlearn.Test1 -->
