<?xml version="1.0" encoding="UTF-8"?>
<!-- Generated by org.testng.reporters.JUnitReportReporter -->
<testsuite skipped="0" hostname="DESKTOP-BBVUMN9" name="springbootlearn.Test2" tests="2" failures="0" timestamp="07 九月 2017 09:39:53 GMT" time="0.008" errors="0">
  <testcase name="test2" time="0.002" classname="springbootlearn.Test2"/>
  <testcase name="test1" time="0.006" classname="springbootlearn.Test2"/>
</testsuite> <!-- springbootlearn.Test2 -->
